# JRE version: Java(TM) SE Runtime Environment (22.0.2+9) (build 22.0.2+9-70)
# Java VM: Java HotSpot(TM) 64-Bit Server VM (22.0.2+9-70, mixed mode, sharing, tiered, compressed oops, compressed class ptrs, g1 gc, windows-amd64)
GC Precious Log:
 CardTable entry size: 512
 Card Set container configuration: InlinePtr #cards 4 size 8 Array Of Cards #cards 16 size 48 Howl #buckets 8 coarsen threshold 3686 Howl Bitmap #cards 512 size 80 coarsen threshold 460 Card regions per heap region 1 cards per card region 4096
 CPUs: 8 total, 8 available
 Memory: 12139M
 Large Page Support: Disabled
 NUMA Support: Disabled
 Compressed Oops: Enabled (Zero based)
 Heap Region Size: 2M
 Heap Min Capacity: 8M
 Heap Initial Capacity: 190M
 Heap Max Capacity: 3036M
 Pre-touch: Disabled
 Parallel Workers: 8
 Concurrent Workers: 2
 Concurrent Refinement Workers: 8
 Periodic GC: Disabled
Heap:
 garbage-first heap   total reserved 3108864K, committed 354304K, used 148149K [0x0000000742400000, 0x0000000800000000)
  region size 2048K, 11 young (22528K), 2 survivors (4096K)
 Metaspace       used 16460K, committed 16960K, reserved 1114112K
  class space    used 2266K, committed 2496K, reserved 1048576K
GC Heap History (16 events):
Event: 0.433 GC heap before
{Heap before GC invocations=0 (full 0):
 garbage-first heap   total reserved 3108864K, committed 194560K, used 24576K [0x0000000742400000, 0x0000000800000000)
  region size 2048K, 12 young (24576K), 0 survivors (0K)
 Metaspace       used 6365K, committed 6656K, reserved 1114112K
  class space    used 714K, committed 832K, reserved 1048576K
}
Event: 0.437 GC heap after
{Heap after GC invocations=1 (full 0):
 garbage-first heap   total reserved 3108864K, committed 194560K, used 3402K [0x0000000742400000, 0x0000000800000000)
  region size 2048K, 2 young (4096K), 2 survivors (4096K)
 Metaspace       used 6365K, committed 6656K, reserved 1114112K
  class space    used 714K, committed 832K, reserved 1048576K
}
Event: 2.140 GC heap before
{Heap before GC invocations=1 (full 0):
 garbage-first heap   total reserved 3108864K, committed 194560K, used 68938K [0x0000000742400000, 0x0000000800000000)
  region size 2048K, 22 young (45056K), 2 survivors (4096K)
 Metaspace       used 13995K, committed 14336K, reserved 1114112K
  class space    used 1841K, committed 1984K, reserved 1048576K
}
Event: 2.147 GC heap after
{Heap after GC invocations=2 (full 0):
 garbage-first heap   total reserved 3108864K, committed 194560K, used 31292K [0x0000000742400000, 0x0000000800000000)
  region size 2048K, 2 young (4096K), 2 survivors (4096K)
 Metaspace       used 13995K, committed 14336K, reserved 1114112K
  class space    used 1841K, committed 1984K, reserved 1048576K
}
Event: 2.441 GC heap before
{Heap before GC invocations=2 (full 0):
 garbage-first heap   total reserved 3108864K, committed 194560K, used 88636K [0x0000000742400000, 0x0000000800000000)
  region size 2048K, 3 young (6144K), 2 survivors (4096K)
 Metaspace       used 14119K, committed 14464K, reserved 1114112K
  class space    used 1858K, committed 1984K, reserved 1048576K
}
Event: 2.443 GC heap after
{Heap after GC invocations=3 (full 0):
 garbage-first heap   total reserved 3108864K, committed 194560K, used 88847K [0x0000000742400000, 0x0000000800000000)
  region size 2048K, 2 young (4096K), 2 survivors (4096K)
 Metaspace       used 14119K, committed 14464K, reserved 1114112K
  class space    used 1858K, committed 1984K, reserved 1048576K
}
Event: 2.449 GC heap before
{Heap before GC invocations=3 (full 0):
 garbage-first heap   total reserved 3108864K, committed 194560K, used 92943K [0x0000000742400000, 0x0000000800000000)
  region size 2048K, 3 young (6144K), 2 survivors (4096K)
 Metaspace       used 14119K, committed 14464K, reserved 1114112K
  class space    used 1858K, committed 1984K, reserved 1048576K
}
Event: 2.452 GC heap after
{Heap after GC invocations=4 (full 0):
 garbage-first heap   total reserved 3108864K, committed 194560K, used 93020K [0x0000000742400000, 0x0000000800000000)
  region size 2048K, 2 young (4096K), 2 survivors (4096K)
 Metaspace       used 14119K, committed 14464K, reserved 1114112K
  class space    used 1858K, committed 1984K, reserved 1048576K
}
Event: 2.459 GC heap before
{Heap before GC invocations=5 (full 0):
 garbage-first heap   total reserved 3108864K, committed 194560K, used 97116K [0x0000000742400000, 0x0000000800000000)
  region size 2048K, 3 young (6144K), 2 survivors (4096K)
 Metaspace       used 14119K, committed 14464K, reserved 1114112K
  class space    used 1858K, committed 1984K, reserved 1048576K
}
Event: 2.461 GC heap after
{Heap after GC invocations=6 (full 0):
 garbage-first heap   total reserved 3108864K, committed 194560K, used 97038K [0x0000000742400000, 0x0000000800000000)
  region size 2048K, 2 young (4096K), 2 survivors (4096K)
 Metaspace       used 14119K, committed 14464K, reserved 1114112K
  class space    used 1858K, committed 1984K, reserved 1048576K
}
Event: 2.475 GC heap before
{Heap before GC invocations=7 (full 0):
 garbage-first heap   total reserved 3108864K, committed 194560K, used 105230K [0x0000000742400000, 0x0000000800000000)
  region size 2048K, 3 young (6144K), 2 survivors (4096K)
 Metaspace       used 14119K, committed 14464K, reserved 1114112K
  class space    used 1858K, committed 1984K, reserved 1048576K
}
Event: 2.477 GC heap after
{Heap after GC invocations=8 (full 0):
 garbage-first heap   total reserved 3108864K, committed 194560K, used 105236K [0x0000000742400000, 0x0000000800000000)
  region size 2048K, 2 young (4096K), 2 survivors (4096K)
 Metaspace       used 14119K, committed 14464K, reserved 1114112K
  class space    used 1858K, committed 1984K, reserved 1048576K
}
Event: 2.485 GC heap before
{Heap before GC invocations=9 (full 0):
 garbage-first heap   total reserved 3108864K, committed 194560K, used 109332K [0x0000000742400000, 0x0000000800000000)
  region size 2048K, 3 young (6144K), 2 survivors (4096K)
 Metaspace       used 14119K, committed 14464K, reserved 1114112K
  class space    used 1858K, committed 1984K, reserved 1048576K
}
Event: 2.487 GC heap after
{Heap after GC invocations=10 (full 0):
 garbage-first heap   total reserved 3108864K, committed 194560K, used 109425K [0x0000000742400000, 0x0000000800000000)
  region size 2048K, 2 young (4096K), 2 survivors (4096K)
 Metaspace       used 14119K, committed 14464K, reserved 1114112K
  class space    used 1858K, committed 1984K, reserved 1048576K
}
Event: 2.494 GC heap before
{Heap before GC invocations=11 (full 0):
 garbage-first heap   total reserved 3108864K, committed 194560K, used 113521K [0x0000000742400000, 0x0000000800000000)
  region size 2048K, 3 young (6144K), 2 survivors (4096K)
 Metaspace       used 14119K, committed 14464K, reserved 1114112K
  class space    used 1858K, committed 1984K, reserved 1048576K
}
Event: 2.497 GC heap after
{Heap after GC invocations=12 (full 0):
 garbage-first heap   total reserved 3108864K, committed 354304K, used 113333K [0x0000000742400000, 0x0000000800000000)
  region size 2048K, 2 young (4096K), 2 survivors (4096K)
 Metaspace       used 14119K, committed 14464K, reserved 1114112K
  class space    used 1858K, committed 1984K, reserved 1048576K
}

