# JRE version: Java(TM) SE Runtime Environment (22.0.2+9) (build 22.0.2+9-70)
# Java VM: Java HotSpot(TM) 64-Bit Server VM (22.0.2+9-70, mixed mode, sharing, tiered, compressed oops, compressed class ptrs, g1 gc, windows-amd64)
GC Precious Log:
 CardTable entry size: 512
 Card Set container configuration: InlinePtr #cards 4 size 8 Array Of Cards #cards 16 size 48 Howl #buckets 8 coarsen threshold 3686 Howl Bitmap #cards 512 size 80 coarsen threshold 460 Card regions per heap region 1 cards per card region 4096
 CPUs: 8 total, 8 available
 Memory: 12139M
 Large Page Support: Disabled
 NUMA Support: Disabled
 Compressed Oops: Enabled (Zero based)
 Heap Region Size: 2M
 Heap Min Capacity: 8M
 Heap Initial Capacity: 190M
 Heap Max Capacity: 3036M
 Pre-touch: Disabled
 Parallel Workers: 8
 Concurrent Workers: 2
 Concurrent Refinement Workers: 8
 Periodic GC: Disabled
Heap:
 garbage-first heap   total reserved 3108864K, committed 317440K, used 148280K [0x0000000742400000, 0x0000000800000000)
  region size 2048K, 11 young (22528K), 2 survivors (4096K)
 Metaspace       used 16680K, committed 17024K, reserved 1114112K
  class space    used 2280K, committed 2432K, reserved 1048576K
GC Heap History (16 events):
Event: 0.444 GC heap before
{Heap before GC invocations=0 (full 0):
 garbage-first heap   total reserved 3108864K, committed 194560K, used 24576K [0x0000000742400000, 0x0000000800000000)
  region size 2048K, 12 young (24576K), 0 survivors (0K)
 Metaspace       used 6333K, committed 6592K, reserved 1114112K
  class space    used 711K, committed 832K, reserved 1048576K
}
Event: 0.448 GC heap after
{Heap after GC invocations=1 (full 0):
 garbage-first heap   total reserved 3108864K, committed 194560K, used 3328K [0x0000000742400000, 0x0000000800000000)
  region size 2048K, 2 young (4096K), 2 survivors (4096K)
 Metaspace       used 6333K, committed 6592K, reserved 1114112K
  class space    used 711K, committed 832K, reserved 1048576K
}
Event: 2.097 GC heap before
{Heap before GC invocations=1 (full 0):
 garbage-first heap   total reserved 3108864K, committed 194560K, used 66816K [0x0000000742400000, 0x0000000800000000)
  region size 2048K, 22 young (45056K), 2 survivors (4096K)
 Metaspace       used 13891K, committed 14208K, reserved 1114112K
  class space    used 1825K, committed 1920K, reserved 1048576K
}
Event: 2.108 GC heap after
{Heap after GC invocations=2 (full 0):
 garbage-first heap   total reserved 3108864K, committed 194560K, used 31398K [0x0000000742400000, 0x0000000800000000)
  region size 2048K, 2 young (4096K), 2 survivors (4096K)
 Metaspace       used 13891K, committed 14208K, reserved 1114112K
  class space    used 1825K, committed 1920K, reserved 1048576K
}
Event: 4.412 GC heap before
{Heap before GC invocations=2 (full 0):
 garbage-first heap   total reserved 3108864K, committed 194560K, used 90790K [0x0000000742400000, 0x0000000800000000)
  region size 2048K, 4 young (8192K), 2 survivors (4096K)
 Metaspace       used 14241K, committed 14592K, reserved 1114112K
  class space    used 1865K, committed 2048K, reserved 1048576K
}
Event: 4.414 GC heap after
{Heap after GC invocations=3 (full 0):
 garbage-first heap   total reserved 3108864K, committed 194560K, used 88927K [0x0000000742400000, 0x0000000800000000)
  region size 2048K, 2 young (4096K), 2 survivors (4096K)
 Metaspace       used 14241K, committed 14592K, reserved 1114112K
  class space    used 1865K, committed 2048K, reserved 1048576K
}
Event: 4.420 GC heap before
{Heap before GC invocations=3 (full 0):
 garbage-first heap   total reserved 3108864K, committed 194560K, used 93023K [0x0000000742400000, 0x0000000800000000)
  region size 2048K, 3 young (6144K), 2 survivors (4096K)
 Metaspace       used 14241K, committed 14592K, reserved 1114112K
  class space    used 1865K, committed 2048K, reserved 1048576K
}
Event: 4.422 GC heap after
{Heap after GC invocations=4 (full 0):
 garbage-first heap   total reserved 3108864K, committed 194560K, used 92850K [0x0000000742400000, 0x0000000800000000)
  region size 2048K, 2 young (4096K), 2 survivors (4096K)
 Metaspace       used 14241K, committed 14592K, reserved 1114112K
  class space    used 1865K, committed 2048K, reserved 1048576K
}
Event: 4.431 GC heap before
{Heap before GC invocations=5 (full 0):
 garbage-first heap   total reserved 3108864K, committed 194560K, used 96946K [0x0000000742400000, 0x0000000800000000)
  region size 2048K, 3 young (6144K), 2 survivors (4096K)
 Metaspace       used 14241K, committed 14592K, reserved 1114112K
  class space    used 1865K, committed 2048K, reserved 1048576K
}
Event: 4.433 GC heap after
{Heap after GC invocations=6 (full 0):
 garbage-first heap   total reserved 3108864K, committed 194560K, used 97073K [0x0000000742400000, 0x0000000800000000)
  region size 2048K, 2 young (4096K), 2 survivors (4096K)
 Metaspace       used 14241K, committed 14592K, reserved 1114112K
  class space    used 1865K, committed 2048K, reserved 1048576K
}
Event: 4.447 GC heap before
{Heap before GC invocations=7 (full 0):
 garbage-first heap   total reserved 3108864K, committed 194560K, used 105265K [0x0000000742400000, 0x0000000800000000)
  region size 2048K, 3 young (6144K), 2 survivors (4096K)
 Metaspace       used 14241K, committed 14592K, reserved 1114112K
  class space    used 1865K, committed 2048K, reserved 1048576K
}
Event: 4.449 GC heap after
{Heap after GC invocations=8 (full 0):
 garbage-first heap   total reserved 3108864K, committed 194560K, used 105274K [0x0000000742400000, 0x0000000800000000)
  region size 2048K, 2 young (4096K), 2 survivors (4096K)
 Metaspace       used 14241K, committed 14592K, reserved 1114112K
  class space    used 1865K, committed 2048K, reserved 1048576K
}
Event: 4.459 GC heap before
{Heap before GC invocations=9 (full 0):
 garbage-first heap   total reserved 3108864K, committed 194560K, used 109370K [0x0000000742400000, 0x0000000800000000)
  region size 2048K, 3 young (6144K), 2 survivors (4096K)
 Metaspace       used 14241K, committed 14592K, reserved 1114112K
  class space    used 1865K, committed 2048K, reserved 1048576K
}
Event: 4.461 GC heap after
{Heap after GC invocations=10 (full 0):
 garbage-first heap   total reserved 3108864K, committed 194560K, used 109346K [0x0000000742400000, 0x0000000800000000)
  region size 2048K, 2 young (4096K), 2 survivors (4096K)
 Metaspace       used 14241K, committed 14592K, reserved 1114112K
  class space    used 1865K, committed 2048K, reserved 1048576K
}
Event: 4.470 GC heap before
{Heap before GC invocations=11 (full 0):
 garbage-first heap   total reserved 3108864K, committed 194560K, used 113442K [0x0000000742400000, 0x0000000800000000)
  region size 2048K, 3 young (6144K), 2 survivors (4096K)
 Metaspace       used 14241K, committed 14592K, reserved 1114112K
  class space    used 1865K, committed 2048K, reserved 1048576K
}
Event: 4.472 GC heap after
{Heap after GC invocations=12 (full 0):
 garbage-first heap   total reserved 3108864K, committed 317440K, used 113464K [0x0000000742400000, 0x0000000800000000)
  region size 2048K, 2 young (4096K), 2 survivors (4096K)
 Metaspace       used 14241K, committed 14592K, reserved 1114112K
  class space    used 1865K, committed 2048K, reserved 1048576K
}

